<?xml version="1.0" encoding="UTF-8"?>
<!-- Generated by org.testng.reporters.JUnitXMLReporter -->
<testsuite hostname="DESKTOP-6OLANJI" ignored="1" name="Default test" tests="3" failures="0" timestamp="2021-12-01T11:48:56 IST" time="11.391" errors="0">
  <testcase name="log_in" time="6.641" classname="APITest.E_commerece"/>
  <testcase name="get" time="2.969" classname="APITest.E_commerece"/>
  <testcase name="delete" time="1.717" classname="APITest.E_commerece"/>
  <testcase name="sign_up" time="0.0" classname="APITest.E_commerece">
    <ignored/>
  </testcase> <!-- sign_up -->
</testsuite> <!-- Default test -->
