<?xml version="1.0" encoding="UTF-8"?>
<!-- Generated by org.testng.reporters.JUnitXMLReporter -->
<testsuite hostname="DESKTOP-6OLANJI" ignored="1" name="Test" tests="6" failures="0" timestamp="2021-12-01T12:01:38 IST" time="15.323" errors="0">
  <testcase name="create_board" time="4.474" classname="APITest.Demo4_TestNG_PostMethod"/>
  <testcase name="get_board" time="1.002" classname="APITest.Demo4_TestNG_PostMethod"/>
  <testcase name="delete_board" time="1.218" classname="APITest.Demo4_TestNG_PostMethod"/>
  <testcase name="log_in" time="3.943" classname="APITest.E_commerece"/>
  <testcase name="get" time="2.946" classname="APITest.E_commerece"/>
  <testcase name="delete" time="1.684" classname="APITest.E_commerece"/>
  <testcase name="sign_up" time="0.0" classname="APITest.E_commerece">
    <ignored/>
  </testcase> <!-- sign_up -->
</testsuite> <!-- Test -->
